INFO:root:DroneEnv: Using CPU/NumPy backend.
INFO:sim_interface:DroneEnv initialized successfully.
INFO:sim_interface:Reset to Scenario: Blind Dive
INFO:mission_manager:MissionManager reset to TAKEOFF
INFO:theshow:TheShow initialized successfully.
INFO:theshow:Mounting /app/web to /
INFO:     Started server process [4490]
INFO:     Waiting for application startup.
INFO:theshow:Lifespan Startup...
INFO:theshow:Starting Control Loop...
INFO:     Application startup complete.
INFO:     Uvicorn running on http://0.0.0.0:8080 (Press CTRL+C to quit)
INFO:     127.0.0.1:51454 - "WebSocket /ws" [accepted]
INFO:     connection open
INFO:theshow:Broadcasting State: Drone={'px': 0.0, 'py': 0.0, 'pz': -96.05577087402344, 'vx': 0.0, 'vy': 0.0, 'vz': 7.019064426422119, 'roll': -1.8643579483032227, 'pitch': -1.076578140258789, 'yaw': -0.30226922035217285}, Target=[np.float64(49.7844027890942), np.float64(-1.327511762294976), 2.0]
INFO:theshow:Broadcasting State: Drone={'px': 0.0, 'py': 0.0, 'pz': -95.68229675292969, 'vx': 0.0, 'vy': 0.0, 'vz': 7.625039577484131, 'roll': -2.1440134048461914, 'pitch': -1.1044113636016846, 'yaw': -0.1575314998626709}, Target=[np.float64(49.73000812538562), np.float64(-1.55282875295824), 2.0]
INFO:theshow:Broadcasting State: Drone={'px': 0.0, 'py': 0.0, 'pz': -95.2762222290039, 'vx': 0.0, 'vy': 0.0, 'vz': 8.291549682617188, 'roll': -2.4420278072357178, 'pitch': -1.1157333850860596, 'yaw': 0.005780696868896484}, Target=[np.float64(49.92389620364486), np.float64(-1.6973567042160316), 2.0]
INFO:theshow:Broadcasting State: Drone={'px': 0.0, 'py': 0.0, 'pz': -94.8325424194336, 'vx': 0.0, 'vy': 0.0, 'vz': 9.072251319885254, 'roll': -2.7406160831451416, 'pitch': -1.1069753170013428, 'yaw': 0.17294788360595703}, Target=[np.float64(50.33537176130795), np.float64(-1.7495909630897986), 2.0]
INFO:theshow:Broadcasting State: Drone={'px': 0.0, 'py': 0.0, 'pz': -94.3480453491211, 'vx': 0.0, 'vy': 0.0, 'vz': 9.898921966552734, 'roll': -3.0260019302368164, 'pitch': -1.0823640823364258, 'yaw': 0.3295621871948242}, Target=[np.float64(50.33537176130795), np.float64(-1.7495909630897986), 2.0]
INFO:     connection closed
INFO:     Shutting down
INFO:     Waiting for application shutdown.
INFO:theshow:Lifespan Shutdown...
INFO:theshow:Loop Cancelled
INFO:     Application shutdown complete.
INFO:     Finished server process [4490]
